12:11:28.154 INFO - Launching a standalone Selenium Server
12:11:28.177 INFO - Java: Oracle Corporation 25.144-b01
12:11:28.178 INFO - OS: Linux 3.19.0-84-generic amd64
12:11:28.186 INFO - v2.53.1, with Core v2.53.1. Built from revision a36b8b1
12:11:28.231 INFO - Driver provider org.openqa.selenium.ie.InternetExplorerDriver registration is skipped:
registration capabilities Capabilities [{ensureCleanSession=true, browserName=internet explorer, version=, platform=WINDOWS}] does not match the current platform LINUX
12:11:28.232 INFO - Driver provider org.openqa.selenium.edge.EdgeDriver registration is skipped:
registration capabilities Capabilities [{browserName=MicrosoftEdge, version=, platform=WINDOWS}] does not match the current platform LINUX
12:11:28.232 INFO - Driver class not found: com.opera.core.systems.OperaDriver
12:11:28.232 INFO - Driver provider com.opera.core.systems.OperaDriver is not registered
12:11:28.233 INFO - Driver provider org.openqa.selenium.safari.SafariDriver registration is skipped:
registration capabilities Capabilities [{browserName=safari, version=, platform=MAC}] does not match the current platform LINUX
12:11:28.233 INFO - Driver class not found: org.openqa.selenium.htmlunit.HtmlUnitDriver
12:11:28.233 INFO - Driver provider org.openqa.selenium.htmlunit.HtmlUnitDriver is not registered
12:11:28.272 INFO - RemoteWebDriver instances should connect to: http://127.0.0.1:4444/wd/hub
12:11:28.272 INFO - Selenium Server is up and running
12:11:28.448 INFO - Executing: [new session: Capabilities [{acceptSslCerts=true, name=Play Pause, browserName=firefox, javascriptEnabled=true, platform=ANY}]])
12:11:28.455 INFO - Creating a new session for Capabilities [{acceptSslCerts=true, name=Play Pause, browserName=firefox, javascriptEnabled=true, platform=ANY}]
12:11:31.100 INFO - Done: [new session: Capabilities [{acceptSslCerts=true, name=Play Pause, browserName=firefox, javascriptEnabled=true, platform=ANY}]]
12:11:31.114 WARN - Exception thrown
java.lang.ClassCastException: java.util.HashMap cannot be cast to java.util.List
	at org.openqa.selenium.remote.server.handler.ExecuteScript.setJsonParameters(ExecuteScript.java:44)
	at org.openqa.selenium.remote.server.rest.ResultConfig.handle(ResultConfig.java:99)
	at org.openqa.selenium.remote.server.JsonHttpCommandHandler.handleRequest(JsonHttpCommandHandler.java:79)
	at org.openqa.selenium.remote.server.DriverServlet.handleRequest(DriverServlet.java:204)
	at org.openqa.selenium.remote.server.DriverServlet.doPost(DriverServlet.java:166)
	at javax.servlet.http.HttpServlet.service(HttpServlet.java:707)
	at org.openqa.selenium.remote.server.DriverServlet.service(DriverServlet.java:132)
	at javax.servlet.http.HttpServlet.service(HttpServlet.java:790)
	at org.openqa.jetty.jetty.servlet.ServletHolder.handle(ServletHolder.java:428)
	at org.openqa.jetty.jetty.servlet.ServletHandler.dispatch(ServletHandler.java:680)
	at org.openqa.jetty.jetty.servlet.ServletHandler.handle(ServletHandler.java:571)
	at org.openqa.jetty.http.HttpContext.handle(HttpContext.java:1526)
	at org.openqa.jetty.http.HttpContext.handle(HttpContext.java:1479)
	at org.openqa.jetty.http.HttpServer.service(HttpServer.java:920)
	at org.openqa.jetty.http.HttpConnection.service(HttpConnection.java:820)
	at org.openqa.jetty.http.HttpConnection.handleNext(HttpConnection.java:986)
	at org.openqa.jetty.http.HttpConnection.handle(HttpConnection.java:837)
	at org.openqa.jetty.http.SocketListener.handleConnection(SocketListener.java:243)
	at org.openqa.jetty.util.ThreadedServer.handle(ThreadedServer.java:358)
	at org.openqa.jetty.util.ThreadPool$PoolThread.run(ThreadPool.java:537)
12:11:31.116 WARN - Exception: java.util.HashMap cannot be cast to java.util.List
12:11:31.141 INFO - Executing: [execute script: var passedArgs = Array.prototype.slice.call(arguments,0); return function (){
        alert(window.song.getMeasureData());
      }.apply(window, passedArgs);, []])
12:11:31.995 WARN - Exception thrown
org.openqa.selenium.WebDriverException: window.song is undefined
Command duration or timeout: 27 milliseconds
Build info: version: '2.53.1', revision: 'a36b8b1', time: '2016-06-30 17:37:03'
System info: host: 'linux-box', ip: '127.0.1.1', os.name: 'Linux', os.arch: 'amd64', os.version: '3.19.0-84-generic', java.version: '1.8.0_144'
Driver info: org.openqa.selenium.firefox.FirefoxDriver
Capabilities [{applicationCacheEnabled=true, rotatable=false, handlesAlerts=true, databaseEnabled=true, version=44.0, platform=LINUX, nativeEvents=false, acceptSslCerts=true, webStorageEnabled=true, locationContextEnabled=true, browserName=firefox, takesScreenshot=true, javascriptEnabled=true, cssSelectorsEnabled=true}]
Session ID: 210acde3-7014-4b27-8eed-7b159dd4c7fb
	at sun.reflect.NativeConstructorAccessorImpl.newInstance0(Native Method)
	at sun.reflect.NativeConstructorAccessorImpl.newInstance(NativeConstructorAccessorImpl.java:62)
	at sun.reflect.DelegatingConstructorAccessorImpl.newInstance(DelegatingConstructorAccessorImpl.java:45)
	at java.lang.reflect.Constructor.newInstance(Constructor.java:423)
	at org.openqa.selenium.remote.ErrorHandler.createThrowable(ErrorHandler.java:206)
	at org.openqa.selenium.remote.ErrorHandler.throwIfResponseFailed(ErrorHandler.java:158)
	at org.openqa.selenium.remote.RemoteWebDriver.execute(RemoteWebDriver.java:678)
	at org.openqa.selenium.remote.RemoteWebDriver.executeScript(RemoteWebDriver.java:577)
	at sun.reflect.NativeMethodAccessorImpl.invoke0(Native Method)
	at sun.reflect.NativeMethodAccessorImpl.invoke(NativeMethodAccessorImpl.java:62)
	at sun.reflect.DelegatingMethodAccessorImpl.invoke(DelegatingMethodAccessorImpl.java:43)
	at java.lang.reflect.Method.invoke(Method.java:498)
	at org.openqa.selenium.support.events.EventFiringWebDriver$2.invoke(EventFiringWebDriver.java:103)
	at com.sun.proxy.$Proxy1.executeScript(Unknown Source)
	at org.openqa.selenium.support.events.EventFiringWebDriver.executeScript(EventFiringWebDriver.java:217)
	at org.openqa.selenium.remote.server.handler.ExecuteScript.call(ExecuteScript.java:56)
	at java.util.concurrent.FutureTask.run(FutureTask.java:266)
	at org.openqa.selenium.remote.server.DefaultSession$1.run(DefaultSession.java:176)
	at java.util.concurrent.ThreadPoolExecutor.runWorker(ThreadPoolExecutor.java:1149)
	at java.util.concurrent.ThreadPoolExecutor$Worker.run(ThreadPoolExecutor.java:624)
	at java.lang.Thread.run(Thread.java:748)
Caused by: org.openqa.selenium.WebDriverException: window.song is undefined
Build info: version: '2.53.1', revision: 'a36b8b1', time: '2016-06-30 17:37:03'
System info: host: 'linux-box', ip: '127.0.1.1', os.name: 'Linux', os.arch: 'amd64', os.version: '3.19.0-84-generic', java.version: '1.8.0_144'
Driver info: driver.version: unknown
	at <anonymous class>.anonymous/<(about:blank line 69 > Function:2)
	at <anonymous class>.anonymous(about:blank line 69 > Function:1)
	at <anonymous class>.handleEvaluateEvent(about:blank:69)
12:11:31.996 WARN - Exception: window.song is undefined
Build info: version: '2.53.1', revision: 'a36b8b1', time: '2016-06-30 17:37:03'
System info: host: 'linux-box', ip: '127.0.1.1', os.name: 'Linux', os.arch: 'amd64', os.version: '3.19.0-84-generic', java.version: '1.8.0_144'
Driver info: driver.version: unknown
12:11:32.162 INFO - Executing: [get: localhost:8000])
12:11:32.509 INFO - Done: [get: localhost:8000]
12:11:32.514 INFO - Executing: [find element: By.cssSelector: #playButton])
12:11:32.799 INFO - Done: [find element: By.cssSelector: #playButton]
12:11:32.807 INFO - Executing: [click: 0 [[FirefoxDriver: firefox on LINUX (210acde3-7014-4b27-8eed-7b159dd4c7fb)] -> css selector: #playButton]])
12:11:32.932 INFO - Done: [click: 0 [[FirefoxDriver: firefox on LINUX (210acde3-7014-4b27-8eed-7b159dd4c7fb)] -> css selector: #playButton]]
12:11:35.956 INFO - Executing: [find element: By.cssSelector: #pauseButton])
12:11:35.967 INFO - Done: [find element: By.cssSelector: #pauseButton]
12:11:35.973 INFO - Executing: [click: 1 [[FirefoxDriver: firefox on LINUX (210acde3-7014-4b27-8eed-7b159dd4c7fb)] -> css selector: #pauseButton]])
12:11:36.046 INFO - Done: [click: 1 [[FirefoxDriver: firefox on LINUX (210acde3-7014-4b27-8eed-7b159dd4c7fb)] -> css selector: #pauseButton]]
12:11:36.050 INFO - Executing: [find element: By.cssSelector: #clock-display])
12:11:36.066 INFO - Done: [find element: By.cssSelector: #clock-display]
12:11:36.071 INFO - Executing: [get text: 2 [[FirefoxDriver: firefox on LINUX (210acde3-7014-4b27-8eed-7b159dd4c7fb)] -> css selector: #clock-display]])
12:11:36.099 INFO - Done: [get text: 2 [[FirefoxDriver: firefox on LINUX (210acde3-7014-4b27-8eed-7b159dd4c7fb)] -> css selector: #clock-display]]
12:11:37.103 INFO - Executing: [find element: By.cssSelector: #playButton])
12:11:37.130 INFO - Done: [find element: By.cssSelector: #playButton]
12:11:37.132 INFO - Executing: [click: 0 [[FirefoxDriver: firefox on LINUX (210acde3-7014-4b27-8eed-7b159dd4c7fb)] -> css selector: #playButton]])
12:11:37.214 INFO - Done: [click: 0 [[FirefoxDriver: firefox on LINUX (210acde3-7014-4b27-8eed-7b159dd4c7fb)] -> css selector: #playButton]]
12:11:40.220 INFO - Executing: [find element: By.cssSelector: #pauseButton])
12:11:40.247 INFO - Done: [find element: By.cssSelector: #pauseButton]
12:11:40.250 INFO - Executing: [click: 1 [[FirefoxDriver: firefox on LINUX (210acde3-7014-4b27-8eed-7b159dd4c7fb)] -> css selector: #pauseButton]])
12:11:40.333 INFO - Done: [click: 1 [[FirefoxDriver: firefox on LINUX (210acde3-7014-4b27-8eed-7b159dd4c7fb)] -> css selector: #pauseButton]]
12:11:40.336 INFO - Executing: [find element: By.cssSelector: #clock-display])
12:11:40.362 INFO - Done: [find element: By.cssSelector: #clock-display]
12:11:40.364 INFO - Executing: [get text: 2 [[FirefoxDriver: firefox on LINUX (210acde3-7014-4b27-8eed-7b159dd4c7fb)] -> css selector: #clock-display]])
12:11:40.384 INFO - Done: [get text: 2 [[FirefoxDriver: firefox on LINUX (210acde3-7014-4b27-8eed-7b159dd4c7fb)] -> css selector: #clock-display]]
12:11:40.391 INFO - Executing: [find element: By.cssSelector: #resetButton])
12:11:40.401 INFO - Done: [find element: By.cssSelector: #resetButton]
12:11:40.410 INFO - Executing: [click: 3 [[FirefoxDriver: firefox on LINUX (210acde3-7014-4b27-8eed-7b159dd4c7fb)] -> css selector: #resetButton]])
12:11:40.480 INFO - Done: [click: 3 [[FirefoxDriver: firefox on LINUX (210acde3-7014-4b27-8eed-7b159dd4c7fb)] -> css selector: #resetButton]]
12:11:40.484 INFO - Executing: [delete session: b2b50b6c-309e-4d5c-a15a-3686411863f5])
12:11:40.688 INFO - Done: [delete session: b2b50b6c-309e-4d5c-a15a-3686411863f5]
